<?xml version="1.0" encoding="UTF-8"?>
<testsuite name="NumbersTest" tests="1" skipped="0" failures="0" errors="0" timestamp="2025-06-05T13:12:59" hostname="EVERIENCE" time="0.481">
  <properties/>
  <testcase name="start" classname="NumbersTest" time="0.481"/>
  <system-out><![CDATA[?[1;31m
Start test 1?[0m
Welcome to Amazing Numbers!

Supported requests:
-enter a natural number to know its properties;
-enter two natural numbers to obtain the properties of the list:
    * the first parameter represents a starting number;
    * the second parameter shows how many consecutive numbers are to be printed;
-separate the parameters with one space;
-enter 0 to exit.

Enter a request: 
> 0
Goodbye!
?[1;31m
Start test 2?[0m
Welcome to Amazing Numbers!

Supported requests:
-enter a natural number to know its properties;
-enter two natural numbers to obtain the properties of the list:
    * the first parameter represents a starting number;
    * the second parameter shows how many consecutive numbers are to be printed;
-separate the parameters with one space;
-enter 0 to exit.

Enter a request: 
> -5
The first parameter should be a natural number or zero.

Enter a request: 
> 0
Goodbye!
?[1;31m
Start test 3?[0m
Welcome to Amazing Numbers!

Supported requests:
-enter a natural number to know its properties;
-enter two natural numbers to obtain the properties of the list:
    * the first parameter represents a starting number;
    * the second parameter shows how many consecutive numbers are to be printed;
-separate the parameters with one space;
-enter 0 to exit.

Enter a request: 
> -96
The first parameter should be a natural number or zero.

Enter a request: 
> 0
Goodbye!
?[1;31m
Start test 4?[0m
Welcome to Amazing Numbers!

Supported requests:
-enter a natural number to know its properties;
-enter two natural numbers to obtain the properties of the list:
    * the first parameter represents a starting number;
    * the second parameter shows how many consecutive numbers are to be printed;
-separate the parameters with one space;
-enter 0 to exit.

Enter a request: 
> -106
The first parameter should be a natural number or zero.

Enter a request: 
> 0
Goodbye!
?[1;31m
Start test 5?[0m
Welcome to Amazing Numbers!

Supported requests:
-enter a natural number to know its properties;
-enter two natural numbers to obtain the properties of the list:
    * the first parameter represents a starting number;
    * the second parameter shows how many consecutive numbers are to be printed;
-separate the parameters with one space;
-enter 0 to exit.

Enter a request: 
> -16
The first parameter should be a natural number or zero.

Enter a request: 
> 0
Goodbye!
?[1;31m
Start test 6?[0m
Welcome to Amazing Numbers!

Supported requests:
-enter a natural number to know its properties;
-enter two natural numbers to obtain the properties of the list:
    * the first parameter represents a starting number;
    * the second parameter shows how many consecutive numbers are to be printed;
-separate the parameters with one space;
-enter 0 to exit.

Enter a request: 
> -125
The first parameter should be a natural number or zero.

Enter a request: 
> 0
Goodbye!
?[1;31m
Start test 7?[0m
Welcome to Amazing Numbers!

Supported requests:
-enter a natural number to know its properties;
-enter two natural numbers to obtain the properties of the list:
    * the first parameter represents a starting number;
    * the second parameter shows how many consecutive numbers are to be printed;
-separate the parameters with one space;
-enter 0 to exit.

Enter a request: 
> 6314 -29604

second parameter should be a natural number
Enter a request: 
> 0
Goodbye!
?[1;31m
Start test 8?[0m
Welcome to Amazing Numbers!

Supported requests:
-enter a natural number to know its properties;
-enter two natural numbers to obtain the properties of the list:
    * the first parameter represents a starting number;
    * the second parameter shows how many consecutive numbers are to be printed;
-separate the parameters with one space;
-enter 0 to exit.

Enter a request: 
> 26484 -25239

second parameter should be a natural number
Enter a request: 
> 0
Goodbye!
?[1;31m
Start test 9?[0m
Welcome to Amazing Numbers!

Supported requests:
-enter a natural number to know its properties;
-enter two natural numbers to obtain the properties of the list:
    * the first parameter represents a starting number;
    * the second parameter shows how many consecutive numbers are to be printed;
-separate the parameters with one space;
-enter 0 to exit.

Enter a request: 
> 9940 -8302

second parameter should be a natural number
Enter a request: 
> 0
Goodbye!
?[1;31m
Start test 10?[0m
Welcome to Amazing Numbers!

Supported requests:
-enter a natural number to know its properties;
-enter two natural numbers to obtain the properties of the list:
    * the first parameter represents a starting number;
    * the second parameter shows how many consecutive numbers are to be printed;
-separate the parameters with one space;
-enter 0 to exit.

Enter a request: 
> 5928 -2297

second parameter should be a natural number
Enter a request: 
> 0
Goodbye!
?[1;31m
Start test 11?[0m
Welcome to Amazing Numbers!

Supported requests:
-enter a natural number to know its properties;
-enter two natural numbers to obtain the properties of the list:
    * the first parameter represents a starting number;
    * the second parameter shows how many consecutive numbers are to be printed;
-separate the parameters with one space;
-enter 0 to exit.

Enter a request: 
> 5233 -13267

second parameter should be a natural number
Enter a request: 
> 0
Goodbye!
?[1;31m
Start test 12?[0m
Welcome to Amazing Numbers!

Supported requests:
-enter a natural number to know its properties;
-enter two natural numbers to obtain the properties of the list:
    * the first parameter represents a starting number;
    * the second parameter shows how many consecutive numbers are to be printed;
-separate the parameters with one space;
-enter 0 to exit.

Enter a request: 
> 24416 -28653

second parameter should be a natural number
Enter a request: 
> 0
Goodbye!
?[1;31m
Start test 13?[0m
Welcome to Amazing Numbers!

Supported requests:
-enter a natural number to know its properties;
-enter two natural numbers to obtain the properties of the list:
    * the first parameter represents a starting number;
    * the second parameter shows how many consecutive numbers are to be printed;
-separate the parameters with one space;
-enter 0 to exit.

Enter a request: 
> 25471 -15896

second parameter should be a natural number
Enter a request: 
> 0
Goodbye!
?[1;31m
Start test 14?[0m
Welcome to Amazing Numbers!

Supported requests:
-enter a natural number to know its properties;
-enter two natural numbers to obtain the properties of the list:
    * the first parameter represents a starting number;
    * the second parameter shows how many consecutive numbers are to be printed;
-separate the parameters with one space;
-enter 0 to exit.

Enter a request: 
> 26935 -6066

second parameter should be a natural number
Enter a request: 
> 0
Goodbye!
?[1;31m
Start test 15?[0m
Welcome to Amazing Numbers!

Supported requests:
-enter a natural number to know its properties;
-enter two natural numbers to obtain the properties of the list:
    * the first parameter represents a starting number;
    * the second parameter shows how many consecutive numbers are to be printed;
-separate the parameters with one space;
-enter 0 to exit.

Enter a request: 
> 11591 -10689

second parameter should be a natural number
Enter a request: 
> 0
Goodbye!
?[1;31m
Start test 16?[0m
Welcome to Amazing Numbers!

Supported requests:
-enter a natural number to know its properties;
-enter two natural numbers to obtain the properties of the list:
    * the first parameter represents a starting number;
    * the second parameter shows how many consecutive numbers are to be printed;
-separate the parameters with one space;
-enter 0 to exit.

Enter a request: 
> 22662 -9428

second parameter should be a natural number
Enter a request: 
> 0
Goodbye!
?[1;31m
Start test 17?[0m
Welcome to Amazing Numbers!

Supported requests:
-enter a natural number to know its properties;
-enter two natural numbers to obtain the properties of the list:
    * the first parameter represents a starting number;
    * the second parameter shows how many consecutive numbers are to be printed;
-separate the parameters with one space;
-enter 0 to exit.

Enter a request: 
> 1
Properties of 1
        even: false
          odd: true
        buzz: false
        duck: false
        gapful: false
palindromic: true

Enter a request: 
> 2
Properties of 2
        even: true
          odd: false
        buzz: false
        duck: false
        gapful: false
palindromic: true

Enter a request: 
> 3
Properties of 3
        even: false
          odd: true
        buzz: false
        duck: false
        gapful: false
palindromic: true

Enter a request: 
> 4
Properties of 4
        even: true
          odd: false
        buzz: false
        duck: false
        gapful: false
palindromic: true

Enter a request: 
> 5
Properties of 5
        even: false
          odd: true
        buzz: false
        duck: false
        gapful: false
palindromic: true

Enter a request: 
> 6
Properties of 6
        even: true
          odd: false
        buzz: false
        duck: false
        gapful: false
palindromic: true

Enter a request: 
> 7
Properties of 7
        even: false
          odd: true
        buzz: true
        duck: false
        gapful: false
palindromic: true

Enter a request: 
> 8
Properties of 8
        even: true
          odd: false
        buzz: false
        duck: false
        gapful: false
palindromic: true

Enter a request: 
> 9
Properties of 9
        even: false
          odd: true
        buzz: false
        duck: false
        gapful: false
palindromic: true

Enter a request: 
> 10
Properties of 10
        even: true
          odd: false
        buzz: false
        duck: true
        gapful: false
palindromic: false

Enter a request: 
> 11
Properties of 11
        even: false
          odd: true
        buzz: false
        duck: false
        gapful: false
palindromic: true

Enter a request: 
> 12
Properties of 12
        even: true
          odd: false
        buzz: false
        duck: false
        gapful: false
palindromic: false

Enter a request: 
> 13
Properties of 13
        even: false
          odd: true
        buzz: false
        duck: false
        gapful: false
palindromic: false

Enter a request: 
> 14
Properties of 14
        even: true
          odd: false
        buzz: true
        duck: false
        gapful: false
palindromic: false

Enter a request: 
> 4415284748949875571
Properties of 4,415,284,748,949,875,571
        even: false
          odd: true
        buzz: false
        duck: false
        gapful: false
palindromic: false

Enter a request: 
> 686784906568376531
Properties of 686,784,906,568,376,531
        even: false
          odd: true
        buzz: false
        duck: true
        gapful: false
palindromic: false

Enter a request: 
> 8408628286701776239
Properties of 8,408,628,286,701,776,239
        even: false
          odd: true
        buzz: false
        duck: true
        gapful: false
palindromic: false

Enter a request: 
> 2310276261188099119
Properties of 2,310,276,261,188,099,119
        even: false
          odd: true
        buzz: false
        duck: true
        gapful: false
palindromic: false

Enter a request: 
> 4052272539627911928
Properties of 4,052,272,539,627,911,928
        even: true
          odd: false
        buzz: true
        duck: true
        gapful: false
palindromic: false

Enter a request: 
> 5034434230856885894
Properties of 5,034,434,230,856,885,894
        even: true
          odd: false
        buzz: false
        duck: true
        gapful: false
palindromic: false

Enter a request: 
> 3246594335153517386
Properties of 3,246,594,335,153,517,386
        even: true
          odd: false
        buzz: false
        duck: false
        gapful: false
palindromic: false

Enter a request: 
> 1272039198916274724
Properties of 1,272,039,198,916,274,724
        even: true
          odd: false
        buzz: false
        duck: true
        gapful: false
palindromic: false

Enter a request: 
> 1219832106002341349
Properties of 1,219,832,106,002,341,349
        even: false
          odd: true
        buzz: true
        duck: true
        gapful: false
palindromic: false

Enter a request: 
> 5740666575517067700
Properties of 5,740,666,575,517,067,700
        even: true
          odd: false
        buzz: false
        duck: true
        gapful: true
palindromic: false

Enter a request: 
> 0
Goodbye!
?[1;31m
Start test 18?[0m
Welcome to Amazing Numbers!

Supported requests:
-enter a natural number to know its properties;
-enter two natural numbers to obtain the properties of the list:
    * the first parameter represents a starting number;
    * the second parameter shows how many consecutive numbers are to be printed;
-separate the parameters with one space;
-enter 0 to exit.

Enter a request: 
> 1 15

1 is palindromic, odd
2 is palindromic, even
3 is palindromic, odd
4 is palindromic, even
5 is palindromic, odd
6 is palindromic, even
7 is buzz, palindromic, odd
8 is palindromic, even
9 is palindromic, odd
10 is duck, even
11 is palindromic, odd
12 is even
13 is odd
14 is buzz, even
15 is odd

Enter a request: 
> 0
Goodbye!
?[1;31m
Start test 19?[0m
Welcome to Amazing Numbers!

Supported requests:
-enter a natural number to know its properties;
-enter two natural numbers to obtain the properties of the list:
    * the first parameter represents a starting number;
    * the second parameter shows how many consecutive numbers are to be printed;
-separate the parameters with one space;
-enter 0 to exit.

Enter a request: 
> 8076242975465082646 9

8076242975465082646 is duck, even
8076242975465082647 is buzz, duck, odd
8076242975465082648 is duck, even
8076242975465082649 is buzz, duck, odd
8076242975465082650 is duck, even
8076242975465082651 is duck, odd
8076242975465082652 is duck, even
8076242975465082653 is duck, odd
8076242975465082654 is duck, even

Enter a request: 
> 0
Goodbye!
?[1;31m
Start test 20?[0m
Welcome to Amazing Numbers!

Supported requests:
-enter a natural number to know its properties;
-enter two natural numbers to obtain the properties of the list:
    * the first parameter represents a starting number;
    * the second parameter shows how many consecutive numbers are to be printed;
-separate the parameters with one space;
-enter 0 to exit.

Enter a request: 
> 1256088259104532253 5

1256088259104532253 is duck, odd
1256088259104532254 is duck, even
1256088259104532255 is duck, odd
1256088259104532256 is duck, gapful, even
1256088259104532257 is buzz, duck, odd

Enter a request: 
> 0
Goodbye!
?[1;31m
Start test 21?[0m
Welcome to Amazing Numbers!

Supported requests:
-enter a natural number to know its properties;
-enter two natural numbers to obtain the properties of the list:
    * the first parameter represents a starting number;
    * the second parameter shows how many consecutive numbers are to be printed;
-separate the parameters with one space;
-enter 0 to exit.

Enter a request: 
> 1953069196799379633 18

1953069196799379633 is duck, gapful, odd
1953069196799379634 is duck, even
1953069196799379635 is duck, odd
1953069196799379636 is duck, even
1953069196799379637 is buzz, duck, odd
1953069196799379638 is buzz, duck, even
1953069196799379639 is duck, gapful, odd
1953069196799379640 is duck, gapful, even
1953069196799379641 is duck, odd
1953069196799379642 is duck, even
1953069196799379643 is duck, odd
1953069196799379644 is duck, even
1953069196799379645 is buzz, duck, gapful, odd
1953069196799379646 is duck, even
1953069196799379647 is buzz, duck, odd
1953069196799379648 is duck, even
1953069196799379649 is duck, odd
1953069196799379650 is duck, gapful, even

Enter a request: 
> 0
Goodbye!
?[1;31m
Start test 22?[0m
Welcome to Amazing Numbers!

Supported requests:
-enter a natural number to know its properties;
-enter two natural numbers to obtain the properties of the list:
    * the first parameter represents a starting number;
    * the second parameter shows how many consecutive numbers are to be printed;
-separate the parameters with one space;
-enter 0 to exit.

Enter a request: 
> 7311489409218055611 11

7311489409218055611 is duck, gapful, odd
7311489409218055612 is duck, even
7311489409218055613 is duck, odd
7311489409218055614 is buzz, duck, even
7311489409218055615 is duck, odd
7311489409218055616 is duck, even
7311489409218055617 is buzz, duck, odd
7311489409218055618 is duck, even
7311489409218055619 is duck, odd
7311489409218055620 is duck, even
7311489409218055621 is buzz, duck, odd

Enter a request: 
> 0
Goodbye!
?[1;31m
Start test 23?[0m
Welcome to Amazing Numbers!

Supported requests:
-enter a natural number to know its properties;
-enter two natural numbers to obtain the properties of the list:
    * the first parameter represents a starting number;
    * the second parameter shows how many consecutive numbers are to be printed;
-separate the parameters with one space;
-enter 0 to exit.

Enter a request: 
> 4579717582668320151 3

4579717582668320151 is duck, odd
4579717582668320152 is duck, even
4579717582668320153 is duck, odd

Enter a request: 
> 0
Goodbye!
?[1;31m
Start test 24?[0m
Welcome to Amazing Numbers!

Supported requests:
-enter a natural number to know its properties;
-enter two natural numbers to obtain the properties of the list:
    * the first parameter represents a starting number;
    * the second parameter shows how many consecutive numbers are to be printed;
-separate the parameters with one space;
-enter 0 to exit.

Enter a request: 
> 9019873153595488229 9

9019873153595488229 is duck, odd
9019873153595488230 is duck, gapful, even
9019873153595488231 is duck, odd
9019873153595488232 is duck, even
9019873153595488233 is buzz, duck, odd
9019873153595488234 is duck, even
9019873153595488235 is duck, odd
9019873153595488236 is duck, even
9019873153595488237 is buzz, duck, odd

Enter a request: 
> 0
Goodbye!
?[1;31m
Start test 25?[0m
Welcome to Amazing Numbers!

Supported requests:
-enter a natural number to know its properties;
-enter two natural numbers to obtain the properties of the list:
    * the first parameter represents a starting number;
    * the second parameter shows how many consecutive numbers are to be printed;
-separate the parameters with one space;
-enter 0 to exit.

Enter a request: 
> 8123159982325986605 7

8123159982325986605 is buzz, duck, odd
8123159982325986606 is duck, even
8123159982325986607 is buzz, duck, odd
8123159982325986608 is duck, even
8123159982325986609 is duck, odd
8123159982325986610 is duck, even
8123159982325986611 is odd

Enter a request: 
> 0
Goodbye!
?[1;31m
Start test 26?[0m
Welcome to Amazing Numbers!

Supported requests:
-enter a natural number to know its properties;
-enter two natural numbers to obtain the properties of the list:
    * the first parameter represents a starting number;
    * the second parameter shows how many consecutive numbers are to be printed;
-separate the parameters with one space;
-enter 0 to exit.

Enter a request: 
> 9048308063365883682 10

9048308063365883682 is duck, even
9048308063365883683 is buzz, duck, odd
9048308063365883684 is duck, even
9048308063365883685 is duck, odd
9048308063365883686 is duck, even
9048308063365883687 is buzz, duck, odd
9048308063365883688 is duck, even
9048308063365883689 is duck, odd
9048308063365883690 is buzz, duck, even
9048308063365883691 is duck, odd

Enter a request: 
> 0
Goodbye!
?[1;31m
Start test 27?[0m
Welcome to Amazing Numbers!

Supported requests:
-enter a natural number to know its properties;
-enter two natural numbers to obtain the properties of the list:
    * the first parameter represents a starting number;
    * the second parameter shows how many consecutive numbers are to be printed;
-separate the parameters with one space;
-enter 0 to exit.

Enter a request: 
> 6479946247594915758 11

6479946247594915758 is even
6479946247594915759 is odd
6479946247594915760 is buzz, duck, even
6479946247594915761 is odd
6479946247594915762 is even
6479946247594915763 is odd
6479946247594915764 is even
6479946247594915765 is odd
6479946247594915766 is even
6479946247594915767 is buzz, odd
6479946247594915768 is even

Enter a request: 
> 0
Goodbye!
?[1;31m
Start test 28?[0m
Welcome to Amazing Numbers!

Supported requests:
-enter a natural number to know its properties;
-enter two natural numbers to obtain the properties of the list:
    * the first parameter represents a starting number;
    * the second parameter shows how many consecutive numbers are to be printed;
-separate the parameters with one space;
-enter 0 to exit.

Enter a request: 
> 4587346266428380008 20

4587346266428380008 is duck, even
4587346266428380009 is duck, odd
4587346266428380010 is duck, even
4587346266428380011 is duck, odd
4587346266428380012 is duck, even
4587346266428380013 is duck, odd
4587346266428380014 is buzz, duck, even
4587346266428380015 is duck, odd
4587346266428380016 is duck, even
4587346266428380017 is buzz, duck, odd
4587346266428380018 is duck, even
4587346266428380019 is duck, odd
4587346266428380020 is duck, even
4587346266428380021 is buzz, duck, odd
4587346266428380022 is duck, even
4587346266428380023 is duck, odd
4587346266428380024 is duck, even
4587346266428380025 is duck, odd
4587346266428380026 is duck, even
4587346266428380027 is buzz, duck, odd

Enter a request: 
> 0
Goodbye!
]]></system-out>
  <system-err><![CDATA[]]></system-err>
</testsuite>
