<?xml version="1.0" encoding="UTF-8"?>
<testsuite name="NumbersTest" tests="1" skipped="0" failures="0" errors="0" timestamp="2025-06-04T10:17:03" hostname="EVERIENCE" time="0.42">
  <properties/>
  <testcase name="start" classname="NumbersTest" time="0.42"/>
  <system-out><![CDATA[?[1;31m
Start test 1?[0m
Enter a natural number:
> 0
this number is not natural!
?[1;31m
Start test 2?[0m
Enter a natural number:
> -1
this number is not natural!
?[1;31m
Start test 3?[0m
Enter a natural number:
> -2
this number is not natural!
?[1;31m
Start test 4?[0m
Enter a natural number:
> -3
this number is not natural!
?[1;31m
Start test 5?[0m
Enter a natural number:
> -4
this number is not natural!
?[1;31m
Start test 6?[0m
Enter a natural number:
> -5
this number is not natural!
?[1;31m
Start test 7?[0m
Enter a natural number:
> 1
This number is odd.
It is not Buzz number.
Explanation:
1 is neither divisible by 7 nor does it end with 7.
?[1;31m
Start test 8?[0m
Enter a natural number:
> 2
This number is even.
It is not Buzz number.
Explanation:
2 is neither divisible by 7 nor does it end with 7.
?[1;31m
Start test 9?[0m
Enter a natural number:
> 3
This number is odd.
It is not Buzz number.
Explanation:
3 is neither divisible by 7 nor does it end with 7.
?[1;31m
Start test 10?[0m
Enter a natural number:
> 4
This number is even.
It is not Buzz number.
Explanation:
4 is neither divisible by 7 nor does it end with 7.
?[1;31m
Start test 11?[0m
Enter a natural number:
> 5
This number is odd.
It is not Buzz number.
Explanation:
5 is neither divisible by 7 nor does it end with 7.
?[1;31m
Start test 12?[0m
Enter a natural number:
> 6
This number is even.
It is not Buzz number.
Explanation:
6 is neither divisible by 7 nor does it end with 7.
?[1;31m
Start test 13?[0m
Enter a natural number:
> 7
This number is odd.
It is a Buzz number.
Explanation:
7 is divisible by 7 and ends with 7.
?[1;31m
Start test 14?[0m
Enter a natural number:
> 8
This number is even.
It is not Buzz number.
Explanation:
8 is neither divisible by 7 nor does it end with 7.
?[1;31m
Start test 15?[0m
Enter a natural number:
> 9
This number is odd.
It is not Buzz number.
Explanation:
9 is neither divisible by 7 nor does it end with 7.
?[1;31m
Start test 16?[0m
Enter a natural number:
> 10
This number is even.
It is not Buzz number.
Explanation:
10 is neither divisible by 7 nor does it end with 7.
?[1;31m
Start test 17?[0m
Enter a natural number:
> 11
This number is odd.
It is not Buzz number.
Explanation:
11 is neither divisible by 7 nor does it end with 7.
?[1;31m
Start test 18?[0m
Enter a natural number:
> 12
This number is even.
It is not Buzz number.
Explanation:
12 is neither divisible by 7 nor does it end with 7.
?[1;31m
Start test 19?[0m
Enter a natural number:
> 13
This number is odd.
It is not Buzz number.
Explanation:
13 is neither divisible by 7 nor does it end with 7.
?[1;31m
Start test 20?[0m
Enter a natural number:
> 14
This number is even.
It is a Buzz number.
Explanation:
14 is divisible by 7.
?[1;31m
Start test 21?[0m
Enter a natural number:
> 26192
This number is even.
It is not Buzz number.
Explanation:
26192 is neither divisible by 7 nor does it end with 7.
?[1;31m
Start test 22?[0m
Enter a natural number:
> 23522
This number is even.
It is not Buzz number.
Explanation:
23522 is neither divisible by 7 nor does it end with 7.
?[1;31m
Start test 23?[0m
Enter a natural number:
> 8561
This number is odd.
It is a Buzz number.
Explanation:
8561 is divisible by 7.
?[1;31m
Start test 24?[0m
Enter a natural number:
> 26942
This number is even.
It is not Buzz number.
Explanation:
26942 is neither divisible by 7 nor does it end with 7.
?[1;31m
Start test 25?[0m
Enter a natural number:
> 5256
This number is even.
It is not Buzz number.
Explanation:
5256 is neither divisible by 7 nor does it end with 7.
?[1;31m
Start test 26?[0m
Enter a natural number:
> 16856
This number is even.
It is a Buzz number.
Explanation:
16856 is divisible by 7.
?[1;31m
Start test 27?[0m
Enter a natural number:
> 21234
This number is even.
It is not Buzz number.
Explanation:
21234 is neither divisible by 7 nor does it end with 7.
?[1;31m
Start test 28?[0m
Enter a natural number:
> 9760
This number is even.
It is not Buzz number.
Explanation:
9760 is neither divisible by 7 nor does it end with 7.
?[1;31m
Start test 29?[0m
Enter a natural number:
> 3252
This number is even.
It is not Buzz number.
Explanation:
3252 is neither divisible by 7 nor does it end with 7.
?[1;31m
Start test 30?[0m
Enter a natural number:
> 26413
This number is odd.
It is not Buzz number.
Explanation:
26413 is neither divisible by 7 nor does it end with 7.
?[1;31m
Start test 31?[0m
Enter a natural number:
> 14598
This number is even.
It is not Buzz number.
Explanation:
14598 is neither divisible by 7 nor does it end with 7.
?[1;31m
Start test 32?[0m
Enter a natural number:
> 11576
This number is even.
It is not Buzz number.
Explanation:
11576 is neither divisible by 7 nor does it end with 7.
?[1;31m
Start test 33?[0m
Enter a natural number:
> 28034
This number is even.
It is not Buzz number.
Explanation:
28034 is neither divisible by 7 nor does it end with 7.
?[1;31m
Start test 34?[0m
Enter a natural number:
> 1375
This number is odd.
It is not Buzz number.
Explanation:
1375 is neither divisible by 7 nor does it end with 7.
?[1;31m
Start test 35?[0m
Enter a natural number:
> 24364
This number is even.
It is not Buzz number.
Explanation:
24364 is neither divisible by 7 nor does it end with 7.
?[1;31m
Start test 36?[0m
Enter a natural number:
> 22515
This number is odd.
It is not Buzz number.
Explanation:
22515 is neither divisible by 7 nor does it end with 7.
?[1;31m
Start test 37?[0m
Enter a natural number:
> 27191
This number is odd.
It is not Buzz number.
Explanation:
27191 is neither divisible by 7 nor does it end with 7.
?[1;31m
Start test 38?[0m
Enter a natural number:
> 27857
This number is odd.
It is a Buzz number.
Explanation:
27857 ends with 7.
?[1;31m
Start test 39?[0m
Enter a natural number:
> 11502
This number is even.
It is not Buzz number.
Explanation:
11502 is neither divisible by 7 nor does it end with 7.
?[1;31m
Start test 40?[0m
Enter a natural number:
> 16602
This number is even.
It is not Buzz number.
Explanation:
16602 is neither divisible by 7 nor does it end with 7.
]]></system-out>
  <system-err><![CDATA[]]></system-err>
</testsuite>
